[jeanarbo.com/index.html]
[backblue.gif]
[fade.gif]
[index.html]
[jeanarbo.com/img/favicon.png]
[jeanarbo.com/css/plugins.css]
[jeanarbo.com/css/style.css]
[jeanarbo.com/img/logo-sml4.png]
[jeanarbo.com/img/portfolio/amandakbig.jpg]
[jeanarbo.com/img/portfolio/Supreme.jpg]
[jeanarbo.com/img/portfolio/brandingex2.jpg]
[jeanarbo.com/img/portfolio/brandingex2big.png]
[jeanarbo.com/img/portfolio/meditationappbig.jpg]
[jeanarbo.com/img/portfolio/twtichappbig.jpg]
[jeanarbo.com/img/portfolio/wikisearchappbig.jpg]
[jeanarbo.com/img/portfolio/designex2.jpg]
[jeanarbo.com/img/portfolio/404 Page Design.png]
[jeanarbo.com/img/portfolio/brandingex1.jpg]
[jeanarbo.com/img/portfolio/brandingex1big.png]
[jeanarbo.com/img/portfolio/designex3.jpg]
[jeanarbo.com/img/portfolio/designex3big.png]
[jeanarbo.com/img/portfolio/DustyTowers.jpg]
[jeanarbo.com/img/portfolio/FbushZombies.jpg]
[jeanarbo.com/img/portfolio/Kawasaki Site Re-design.png]
[jeanarbo.com/img/logo-sml4-footer.png]
[jeanarbo.com/js/jquery-3.0.0.min.js]
[jeanarbo.com/js/jquery-migrate-3.0.0.min.js]
[jeanarbo.com/js/popper.min.js]
[jeanarbo.com/js/bootstrap.min.js]
[jeanarbo.com/js/scrollIt.min.js]
[jeanarbo.com/js/animated.headline.js]
[jeanarbo.com/js/jquery.waypoints.min.js]
[jeanarbo.com/js/jquery.counterup.min.js]
[jeanarbo.com/js/owl.carousel.min.js]
[jeanarbo.com/js/jquery.magnific-popup.min.js]
[jeanarbo.com/js/jquery.stellar.min.js]
[jeanarbo.com/js/isotope.pkgd.min.js]
[jeanarbo.com/js/YouTubePopUp.jquery.js]
[jeanarbo.com/js/particles.min.js]
[jeanarbo.com/js/app.js]
[jeanarbo.com/js/map.js]
[jeanarbo.com/js/validator.js]
[jeanarbo.com/js/scripts.js]
[jeanarbo.com/index.html]
[jeanarbo.com/css/plugins/bootstrap.min.css]
[jeanarbo.com/css/plugins/animate.min.css]
[jeanarbo.com/css/plugins/et-line.css]
[jeanarbo.com/css/plugins/icofont.css]
[jeanarbo.com/css/plugins/fontawesome-all.min.css]
[jeanarbo.com/css/plugins/YouTubePopUp.css]
[jeanarbo.com/css/plugins/magnific-popup.css]
[jeanarbo.com/css/plugins/owl.carousel.min.css]
[jeanarbo.com/css/plugins/owl.theme.default.min.css]
[jeanarbo.com/css/plugins/helper.css]
[jeanarbo.com/css/plugins.css]
[jeanarbo.com/css/style.css]
[jeanarbo.com/css/plugins/bootstrap.min.css]
[jeanarbo.com/css/plugins/animate.min.css]
[jeanarbo.com/img/portfolio/philgbig.jpg]
[jeanarbo.com/img/portfolio/tapmusicbig.jpg]
[jeanarbo.com/img/portfolio/designex2big.png]
[jeanarbo.com/fonts/et-line.eot]
[jeanarbo.com/fonts/et-lined41d.eot]
[jeanarbo.com/fonts/et-line.woff]
[jeanarbo.com/css/plugins/et-line.css]
[jeanarbo.com/fonts/icofont7858.eot]
[jeanarbo.com/fonts/icofont7858.ttf]
[jeanarbo.com/fonts/icofont7858.woff]
[jeanarbo.com/css/plugins/icofont.css]
[jeanarbo.com/fonts/fa-brands-400.eot]
[jeanarbo.com/fonts/fa-brands-400d41d.eot]
[jeanarbo.com/fonts/fa-brands-400.woff2]
[jeanarbo.com/fonts/fa-brands-400.woff]
[jeanarbo.com/fonts/fa-brands-400.ttf]
[jeanarbo.com/fonts/fa-regular-400.eot]
[jeanarbo.com/fonts/fa-regular-400.woff2]
[jeanarbo.com/fonts/fa-regular-400.woff]
[jeanarbo.com/fonts/fa-regular-400d41d.eot]
[jeanarbo.com/fonts/fa-regular-400.ttf]
[jeanarbo.com/fonts/fa-solid-900.eot]
[jeanarbo.com/fonts/fa-solid-900.woff2]
[jeanarbo.com/fonts/fa-solid-900.woff]
[jeanarbo.com/fonts/fa-solid-900d41d.eot]
[jeanarbo.com/fonts/fa-solid-900.ttf]
[jeanarbo.com/css/plugins/fontawesome-all.min.css]
[jeanarbo.com/css/plugins/YouTubePopUp.css]
[jeanarbo.com/css/plugins/magnific-popup.css]
[jeanarbo.com/css/plugins/owl.carousel.min.css]
[jeanarbo.com/css/plugins/owl.theme.default.min.css]
[jeanarbo.com/css/plugins/helper.css]
[jeanarbo.com/fonts/et-line.html]
[jeanarbo.com/fonts/icofont7858.html]
[jeanarbo.com/fonts/fa-brands-400.html]
[jeanarbo.com/fonts/fa-regular-400.html]
[jeanarbo.com/fonts/fa-solid-900.html]
[jeanarbo.com/css/images/close.html]
[jeanarbo.com/css/plugins/owl.video.play.html]
[jeanarbo.com/fonts/et-line.ttf]
